<?xml version="1.0" encoding="UTF-8"?>
<!-- Generated by org.testng.reporters.JUnitReportReporter -->
<testsuite hostname="ICPL10482" name="testng.NewTest" tests="1" failures="0" timestamp="28 Feb 2016 10:10:17 GMT" time="46.746" errors="0">
  <testcase name="firstTest" time="46.746" classname="testng.NewTest"/>
</testsuite> <!-- testng.NewTest -->
